{"numTotalTestSuites":2,"numPassedTestSuites":2,"numFailedTestSuites":0,"numPendingTestSuites":0,"numTotalTests":13,"numPassedTests":13,"numFailedTests":0,"numPendingTests":0,"numTodoTests":0,"snapshot":{"added":0,"failure":false,"filesAdded":0,"filesRemoved":0,"filesRemovedList":[],"filesUnmatched":0,"filesUpdated":0,"matched":0,"total":0,"unchecked":0,"uncheckedKeysByFile":[],"unmatched":0,"updated":0,"didUpdate":false},"startTime":1778015831558,"success":true,"testResults":[{"assertionResults":[{"ancestorTitles":["MainMenu"],"fullName":"MainMenu stores the nationality as an ISO code and continues the flow in es","status":"passed","title":"stores the nationality as an ISO code and continues the flow in es","duration":633.4887000000008,"failureMessages":[],"meta":{},"tags":[]},{"ancestorTitles":["MainMenu"],"fullName":"MainMenu stores the nationality as an ISO code and continues the flow in de","status":"passed","title":"stores the nationality as an ISO code and continues the flow in de","duration":267.41119999999955,"failureMessages":[],"meta":{},"tags":[]},{"ancestorTitles":["MainMenu"],"fullName":"MainMenu stores the nationality as an ISO code and continues the flow in fr","status":"passed","title":"stores the nationality as an ISO code and continues the flow in fr","duration":295.0787,"failureMessages":[],"meta":{},"tags":[]},{"ancestorTitles":["MainMenu"],"fullName":"MainMenu stores the nationality as an ISO code and continues the flow in it","status":"passed","title":"stores the nationality as an ISO code and continues the flow in it","duration":235.84479999999985,"failureMessages":[],"meta":{},"tags":[]},{"ancestorTitles":["MainMenu"],"fullName":"MainMenu stores the nationality as an ISO code and continues the flow in pt","status":"passed","title":"stores the nationality as an ISO code and continues the flow in pt","duration":212.1224000000002,"failureMessages":[],"meta":{},"tags":[]},{"ancestorTitles":["MainMenu"],"fullName":"MainMenu stores the nationality as an ISO code and continues the flow in pt-BR","status":"passed","title":"stores the nationality as an ISO code and continues the flow in pt-BR","duration":218.23469999999998,"failureMessages":[],"meta":{},"tags":[]},{"ancestorTitles":["MainMenu"],"fullName":"MainMenu allows changing nationality after the other manager fields are filled","status":"passed","title":"allows changing nationality after the other manager fields are filled","duration":388.6860000000006,"failureMessages":[],"meta":{},"tags":[]},{"ancestorTitles":["MainMenu"],"fullName":"MainMenu allows selecting England instead of legacy GB","status":"passed","title":"allows selecting England instead of legacy GB","duration":265.32720000000063,"failureMessages":[],"meta":{},"tags":[]},{"ancestorTitles":["MainMenu"],"fullName":"MainMenu preserves nationality when a stale date picker callback fires after selection","status":"passed","title":"preserves nationality when a stale date picker callback fires after selection","duration":215.9425000000001,"failureMessages":[],"meta":{},"tags":[]},{"ancestorTitles":["MainMenu"],"fullName":"MainMenu allows searching localized countries without accents before selecting them","status":"passed","title":"allows searching localized countries without accents before selecting them","duration":202.39619999999923,"failureMessages":[],"meta":{},"tags":[]},{"ancestorTitles":["MainMenu"],"fullName":"MainMenu focuses the first invalid field when submitting an empty Create Manager form","status":"passed","title":"focuses the first invalid field when submitting an empty Create Manager form","duration":94.58920000000035,"failureMessages":[],"meta":{},"tags":[]},{"ancestorTitles":["MainMenu"],"fullName":"MainMenu focuses the next invalid field in order when earlier fields are valid","status":"passed","title":"focuses the next invalid field in order when earlier fields are valid","duration":107.1853000000001,"failureMessages":[],"meta":{},"tags":[]},{"ancestorTitles":["MainMenu"],"fullName":"MainMenu shows min-age feedback for an underage DOB, blocks progression, and focuses the DOB field on submit","status":"passed","title":"shows min-age feedback for an underage DOB, blocks progression, and focuses the DOB field on submit","duration":259.09310000000005,"failureMessages":[],"meta":{},"tags":[]}],"startTime":1778015835742,"endTime":1778015839138.093,"status":"passed","message":"","name":"C:/Users/pedre/OneDrive/Documentos/dev/openfootmanager/src/pages/MainMenu.test.tsx"}]}